Build started 2014-01-28 10:39:12.
     1>Project "P:\Lucid\Lucid\Lucid\Lucid.vcxproj" on node 2 (Build target(s)).
     1>ClCompile:
         C:\Program Files (x86)\Microsoft Visual Studio 11.0\VC\bin\CL.exe /c /I"P:\SFML-2.1\include" /ZI /nologo /W3 /WX- /sdl /Od /Oy- /D WIN32 /D _DEBUG /D _WINDOWS /D _UNICODE /D UNICODE /Gm /EHsc /RTC1 /MDd /GS /fp:precise /Zc:wchar_t /Zc:forScope /Fo"Debug\\" /Fd"Debug\vc110.pdb" /Gd /TP /analyze- /errorReport:prompt Entity.cpp Game.cpp Player.cpp
         Player.cpp
     1>p:\lucid\lucid\lucid\player.cpp(5): error C2511: 'Player::Player(void)' : overloaded member function not found in 'Player'
                 p:\lucid\lucid\lucid\player.h(3) : see declaration of 'Player'
         Game.cpp
         Entity.cpp
     1>p:\lucid\lucid\lucid\entity.cpp(5): error C2600: 'Entity::Entity' : cannot define a compiler-generated special member function (must be declared in the class first)
         Generating Code...
     1>Done Building Project "P:\Lucid\Lucid\Lucid\Lucid.vcxproj" (Build target(s)) -- FAILED.

Build FAILED.

Time Elapsed 00:00:32.72
